<?xml version="1.0" encoding="UTF-8"?>
<!-- Generated by org.testng.reporters.JUnitReportReporter -->
<testsuite hostname="tvmatp2261m.ad.infosys.com" name="com.tests.May27TestSuite3" tests="1" failures="0" timestamp="31 May 2016 11:50:20 GMT" time="296.506" errors="0">
  <testcase name="submitOrder_Submitted_Modify" time="296.506" classname="com.tests.May27TestSuite3"/>
</testsuite> <!-- com.tests.May27TestSuite3 -->
