<?xml version="1.0" encoding="UTF-8"?>
<!-- Generated by org.testng.reporters.JUnitReportReporter -->
<testsuite hostname="tvmatp2261m.ad.infosys.com" name="com.tests.May27TestSuite2" tests="1" failures="0" timestamp="1 Jun 2016 10:21:52 GMT" time="210.332" errors="0">
  <testcase name="submitOrder_Open_AddMoreItems_OrderGuide" time="210.332" classname="com.tests.May27TestSuite2"/>
</testsuite> <!-- com.tests.May27TestSuite2 -->
