<?xml version="1.0" encoding="UTF-8"?>
<!-- Generated by org.testng.reporters.JUnitReportReporter -->
<testsuite hostname="tvmatp2261m.ad.infosys.com" name="com.tests.May27" tests="1" failures="0" timestamp="27 May 2016 09:08:23 GMT" time="187.976" errors="0">
  <testcase name="submitOrder_Open_AddMoreItems_OrderGuide" time="187.976" classname="com.tests.May27"/>
</testsuite> <!-- com.tests.May27 -->
