<?xml version="1.0" encoding="UTF-8"?>
<!-- Generated by org.testng.reporters.JUnitReportReporter -->
<testsuite hostname="tvmatp2261m.ad.infosys.com" name="com.tests.May23" tests="1" failures="0" timestamp="27 May 2016 05:21:06 GMT" time="140.770" errors="0">
  <testcase name="SubmitOrder_Size_Search_Home" time="140.770" classname="com.tests.May23"/>
</testsuite> <!-- com.tests.May23 -->
