<?xml version="1.0" encoding="UTF-8"?>
<!-- Generated by org.testng.reporters.JUnitReportReporter -->
<testsuite hostname="tvmatp2261m.ad.infosys.com" name="com.tests.May27TestSuite1" tests="3" failures="0" timestamp="1 Jun 2016 09:14:19 GMT" time="614.604" errors="0">
  <testcase name="submitOrder_Inventories" time="196.904" classname="com.tests.May27TestSuite1"/>
  <testcase name="submitOrder_SharedLists" time="262.477" classname="com.tests.May27TestSuite1"/>
  <testcase name="submitOrder_MyCustomLists" time="155.223" classname="com.tests.May27TestSuite1"/>
</testsuite> <!-- com.tests.May27TestSuite1 -->
