<?xml version="1.0" encoding="UTF-8"?>
<!-- Generated by org.testng.reporters.JUnitReportReporter -->
<testsuite hostname="tvmatp312483m.ad.infosys.com" name="com.tests.LegacyTestSuiteFour" tests="1" failures="0" timestamp="18 Apr 2016 12:04:01 GMT" time="95.637" errors="0">
  <testcase name="NormalUser_Delete_PendingApproval" time="95.637" classname="com.tests.LegacyTestSuiteFour"/>
</testsuite> <!-- com.tests.LegacyTestSuiteFour -->
