<?xml version="1.0" encoding="UTF-8"?>
<!-- Generated by org.testng.reporters.JUnitReportReporter -->
<testsuite hostname="TVMATP2261M.local" name="com.sysco.test.WorkFlow" tests="1" failures="0" timestamp="29 Jul 2016 07:23:09 GMT" time="759.664" errors="0">
  <testcase name="SI_WF34_OG_CustomLocation_SuggestedCategory" time="759.664" classname="com.sysco.test.WorkFlow"/>
</testsuite> <!-- com.sysco.test.WorkFlow -->
