<?xml version="1.0" encoding="UTF-8"?>
<!-- Generated by org.testng.reporters.JUnitReportReporter -->
<testsuite hostname="tvmatp2261m.ad.infosys.com" name="com.tests.May27TestSuite5" tests="1" failures="0" timestamp="3 Jun 2016 07:36:21 GMT" time="154.754" errors="0">
  <testcase name="submitOrder_SearchSplitOnly" time="154.754" classname="com.tests.May27TestSuite5"/>
</testsuite> <!-- com.tests.May27TestSuite5 -->
