<?xml version="1.0" encoding="UTF-8"?>
<!-- Generated by org.testng.reporters.JUnitReportReporter -->
<testsuite hostname="tvmatp2261m.ad.infosys.com" name="com.tests.May27TestSuite4" tests="1" failures="0" timestamp="3 Jun 2016 06:57:34 GMT" time="195.575" errors="0">
  <testcase name="SubmitOrder_Size_Search_Home" time="195.575" classname="com.tests.May27TestSuite4"/>
</testsuite> <!-- com.tests.May27TestSuite4 -->
