<?xml version="1.0" encoding="UTF-8"?>
<!-- Generated by org.testng.reporters.JUnitReportReporter -->
<testsuite hostname="tvmatp312483m.ad.infosys.com" name="com.tests.LegacyTestSuiteTwo" tests="1" failures="0" timestamp="18 Apr 2016 06:13:21 GMT" time="127.124" errors="0">
  <testcase name="submitOrder_HistoricalDeliveredReorder" time="127.124" classname="com.tests.LegacyTestSuiteTwo"/>
</testsuite> <!-- com.tests.LegacyTestSuiteTwo -->
