<?xml version="1.0" encoding="UTF-8"?>
<!-- Generated by org.testng.reporters.JUnitReportReporter -->
<testsuite hostname="tvmatp312483m.ad.infosys.com" name="com.tests.LegacyAutomationSuiteOne" tests="2" failures="0" timestamp="28 Apr 2016 13:22:13 GMT" time="327.015" errors="0">
  <testcase name="submitOrder_HamburgerSearchOrListsProductCategories" time="134.460" classname="com.tests.LegacyAutomationSuiteOne"/>
  <testcase name="submitOrder_SearchAndS_CW" time="192.555" classname="com.tests.LegacyAutomationSuiteOne"/>
</testsuite> <!-- com.tests.LegacyAutomationSuiteOne -->
