<?xml version="1.0" encoding="UTF-8"?>
<!-- Generated by org.testng.reporters.JUnitReportReporter -->
<testsuite hostname="tvmatp312483m.ad.infosys.com" name="com.tests.Legacy_FullSuite" tests="1" failures="0" timestamp="26 Apr 2016 06:42:40 GMT" time="145.238" errors="0">
  <testcase name="submitOrder_Categories" time="145.238" classname="com.tests.Legacy_FullSuite"/>
</testsuite> <!-- com.tests.Legacy_FullSuite -->
