<?xml version="1.0" encoding="UTF-8"?>
<!-- Generated by org.testng.reporters.JUnitReportReporter -->
<testsuite hostname="tvmatp2261m.ad.infosys.com" name="com.tests.May27TestSuite2" tests="2" failures="0" timestamp="3 Jun 2016 09:21:05 GMT" time="499.644" errors="0">
  <testcase name="submitOrder_Open_AddMoreItems_OrderGuide" time="284.644" classname="com.tests.May27TestSuite2"/>
  <testcase name="submitOrder_HamburgerListsOrderGuide" time="215.000" classname="com.tests.May27TestSuite2"/>
</testsuite> <!-- com.tests.May27TestSuite2 -->
