<?xml version="1.0" encoding="UTF-8"?>
<!-- Generated by org.testng.reporters.JUnitReportReporter -->
<testsuite hostname="tvmatp2261m.ad.infosys.com" name="com.tests.May27TestSuite1" tests="1" failures="0" timestamp="3 Jun 2016 06:04:36 GMT" time="116.071" errors="0">
  <testcase name="submitOrder_OrderGuide" time="116.071" classname="com.tests.May27TestSuite1"/>
</testsuite> <!-- com.tests.May27TestSuite1 -->
