<?xml version="1.0" encoding="UTF-8"?>
<!-- Generated by org.testng.reporters.JUnitReportReporter -->
<testsuite hostname="tvmatp2261m.ad.infosys.com" name="com.tests.May27TestSuite3" tests="2" failures="0" timestamp="3 Jun 2016 09:57:29 GMT" time="305.102" errors="0">
  <testcase name="historicalCanceledDelete" time="135.077" classname="com.tests.May27TestSuite3"/>
  <testcase name="submitOrder_Submitted_Modify" time="170.025" classname="com.tests.May27TestSuite3"/>
</testsuite> <!-- com.tests.May27TestSuite3 -->
