<?xml version="1.0" encoding="UTF-8"?>
<!-- Generated by org.testng.reporters.JUnitReportReporter -->
<testsuite hostname="TVMATP310440M" name="com.sysco.test.WorkFlow" tests="1" failures="0" timestamp="29 Jul 2016 11:28:17 GMT" time="329.452" errors="0">
  <testcase name="MSP1_MSP2_Add_View_ManageSuppliers" time="329.452" classname="com.sysco.test.WorkFlow"/>
</testsuite> <!-- com.sysco.test.WorkFlow -->
