<?xml version="1.0" encoding="UTF-8"?>
<!-- Generated by org.testng.reporters.JUnitReportReporter -->
<testsuite hostname="TVMATP310440M" name="com.sysco.test.WorkFlow" tests="1" failures="0" timestamp="29 Jul 2016 09:14:31 GMT" time="51.620" errors="0">
  <testcase name="SI_WF27_CustomList_MultipleList_ListNames_DefaultCat" time="51.620" classname="com.sysco.test.WorkFlow"/>
</testsuite> <!-- com.sysco.test.WorkFlow -->
