<?xml version="1.0" encoding="UTF-8"?>
<!-- Generated by org.testng.reporters.JUnitReportReporter -->
<testsuite hostname="tvmatp312483m.ad.infosys.com" name="com.sysco.test.WorkFlow" tests="2" failures="0" timestamp="28 Jul 2016 11:40:52 GMT" time="584.203" errors="0">
  <testcase name="SI_WF4_OG_DefaultLocation_CustomCategory" time="307.409" classname="com.sysco.test.WorkFlow"/>
  <testcase name="SI_WF3_OG_CustomMultipleLocation_CustomMultipleCategory" time="276.794" classname="com.sysco.test.WorkFlow"/>
</testsuite> <!-- com.sysco.test.WorkFlow -->
