<?xml version="1.0" encoding="UTF-8"?>
<!-- Generated by org.testng.reporters.JUnitReportReporter -->
<testsuite hostname="TVMATP310440M" name="com.sysco.test.WorkFlow" tests="1" failures="0" timestamp="29 Jul 2016 09:20:44 GMT" time="109.676" errors="0">
  <testcase name="SI_WF29_CustomListSingleList_CustomCategoryOnLocationsPage_defaultcategory" time="109.676" classname="com.sysco.test.WorkFlow"/>
</testsuite> <!-- com.sysco.test.WorkFlow -->
