<?xml version="1.0" encoding="UTF-8"?>
<!-- Generated by org.testng.reporters.JUnitReportReporter -->
<testsuite hostname="tvmatp312483m.ad.infosys.com" name="com.sysco.test.WorkFlow" tests="1" failures="0" timestamp="28 Jul 2016 05:18:28 GMT" time="317.485" errors="0">
  <testcase name="SI_WF1_OG_DefaultLocation_DefaultCategory" time="317.485" classname="com.sysco.test.WorkFlow"/>
</testsuite> <!-- com.sysco.test.WorkFlow -->
