<?xml version="1.0" encoding="UTF-8"?>
<!-- Generated by org.testng.reporters.JUnitReportReporter -->
<testsuite hostname="tvmatp310466m.ad.infosys.com" name="com.tests.SampleTest" tests="1" failures="0" timestamp="13 May 2016 09:59:24 GMT" time="161.199" errors="0">
  <testcase name="trackINventoryTwoLocationsVerify_NU" time="161.199" classname="com.tests.SampleTest"/>
</testsuite> <!-- com.tests.SampleTest -->
