<?xml version="1.0" encoding="UTF-8"?>
<!-- Generated by org.testng.reporters.JUnitReportReporter -->
<testsuite hostname="CHDSEZ101427L" name="com.tests.SampleTest" tests="1" failures="0" timestamp="26 May 2016 07:05:39 GMT" time="211.489" errors="1">
  <testcase name="Location_MA_WF" time="211.489" classname="com.tests.SampleTest">
    <error type="java.lang.RuntimeException" message="Error occured while closing webdriver sessionError communicating with the remote browser. It may have died.
Build info: version: &#039;2.51.0&#039;, revision: &#039;1af067d&#039;, time: &#039;2016-02-05 19:15:17&#039;
System info: host: &#039;CHDSEZ101427L&#039;, ip: &#039;10.152.252.20&#039;, os.name: &#039;Windows 7&#039;, os.arch: &#039;x86&#039;, os.version: &#039;6.1&#039;, java.version: &#039;1.8.0_66&#039;
Driver info: driver.version: RemoteWebDriver
Capabilities [{app=C:\Users\manish_chauhan01\Desktop\Sysco\builds\25_May\UOMQA_SQ-debug.apk, appPackage=, networkConnectionEnabled=true, warnings={}, databaseEnabled=false, deviceName=3208cc6fb9126191, platform=LINUX, appActivity=, desired={app=C:\Users\manish_chauhan01\Desktop\Sysco\builds\25_May\UOMQA_SQ-debug.apk, appPackage=, appActivity=, newCommandTimeout=60, platformVersion=5.1.1, autoWebview=false, platformName=Android, deviceName=device}, newCommandTimeout=60, platformVersion=5.0, webStorageEnabled=false, locationContextEnabled=false, browserName=Android, takesScreenshot=true, javascriptEnabled=true, autoWebview=false, platformName=Android}]
Session ID: 85dbc934-9a1f-4241-a3a4-4b677a1791a7">
      <![CDATA[java.lang.RuntimeException: Error occured while closing webdriver sessionError communicating with the remote browser. It may have died.
Build info: version: '2.51.0', revision: '1af067d', time: '2016-02-05 19:15:17'
System info: host: 'CHDSEZ101427L', ip: '10.152.252.20', os.name: 'Windows 7', os.arch: 'x86', os.version: '6.1', java.version: '1.8.0_66'
Driver info: driver.version: RemoteWebDriver
Capabilities [{app=C:\Users\manish_chauhan01\Desktop\Sysco\builds\25_May\UOMQA_SQ-debug.apk, appPackage=, networkConnectionEnabled=true, warnings={}, databaseEnabled=false, deviceName=3208cc6fb9126191, platform=LINUX, appActivity=, desired={app=C:\Users\manish_chauhan01\Desktop\Sysco\builds\25_May\UOMQA_SQ-debug.apk, appPackage=, appActivity=, newCommandTimeout=60, platformVersion=5.1.1, autoWebview=false, platformName=Android, deviceName=device}, newCommandTimeout=60, platformVersion=5.0, webStorageEnabled=false, locationContextEnabled=false, browserName=Android, takesScreenshot=true, javascriptEnabled=true, autoWebview=false, platformName=Android}]
Session ID: 85dbc934-9a1f-4241-a3a4-4b677a1791a7
	at zRfghY.s.b(WebDriverFactory.java:48)
	at com.iwaf.framework.testng.TestNGTestListener.closeTestSession(TestNGTestListener.java:458)
	at com.iwaf.framework.testng.TestNGTestListener.onTestFailure(TestNGTestListener.java:291)
	at org.testng.internal.Invoker.runTestListeners(Invoker.java:1661)
	at org.testng.internal.Invoker.runTestListeners(Invoker.java:1645)
	at org.testng.internal.Invoker.invokeMethod(Invoker.java:703)
	at org.testng.internal.Invoker.invokeTestMethod(Invoker.java:823)
	at org.testng.internal.Invoker.invokeTestMethods(Invoker.java:1131)
	at org.testng.internal.TestMethodWorker.invokeTestMethods(TestMethodWorker.java:129)
	at org.testng.internal.TestMethodWorker.run(TestMethodWorker.java:112)
	at org.testng.TestRunner.privateRun(TestRunner.java:778)
	at org.testng.TestRunner.run(TestRunner.java:632)
	at org.testng.SuiteRunner.runTest(SuiteRunner.java:366)
	at org.testng.SuiteRunner.runSequentially(SuiteRunner.java:361)
	at org.testng.SuiteRunner.privateRun(SuiteRunner.java:319)
	at org.testng.SuiteRunner.run(SuiteRunner.java:268)
	at org.testng.SuiteRunnerWorker.runSuite(SuiteRunnerWorker.java:52)
	at org.testng.SuiteRunnerWorker.run(SuiteRunnerWorker.java:86)
	at org.testng.TestNG.runSuitesSequentially(TestNG.java:1225)
	at org.testng.TestNG.runSuitesLocally(TestNG.java:1150)
	at org.testng.TestNG.runSuites(TestNG.java:1075)
	at org.testng.TestNG.run(TestNG.java:1047)
	at org.testng.remote.AbstractRemoteTestNG.run(AbstractRemoteTestNG.java:126)
	at org.testng.remote.RemoteTestNG.initAndRun(RemoteTestNG.java:137)
	at org.testng.remote.RemoteTestNG.main(RemoteTestNG.java:58)
Caused by: org.openqa.selenium.remote.UnreachableBrowserException: Error communicating with the remote browser. It may have died.
Build info: version: '2.51.0', revision: '1af067d', time: '2016-02-05 19:15:17'
System info: host: 'CHDSEZ101427L', ip: '10.152.252.20', os.name: 'Windows 7', os.arch: 'x86', os.version: '6.1', java.version: '1.8.0_66'
Driver info: driver.version: RemoteWebDriver
Capabilities [{app=C:\Users\manish_chauhan01\Desktop\Sysco\builds\25_May\UOMQA_SQ-debug.apk, appPackage=, networkConnectionEnabled=true, warnings={}, databaseEnabled=false, deviceName=3208cc6fb9126191, platform=LINUX, appActivity=, desired={app=C:\Users\manish_chauhan01\Desktop\Sysco\builds\25_May\UOMQA_SQ-debug.apk, appPackage=, appActivity=, newCommandTimeout=60, platformVersion=5.1.1, autoWebview=false, platformName=Android, deviceName=device}, newCommandTimeout=60, platformVersion=5.0, webStorageEnabled=false, locationContextEnabled=false, browserName=Android, takesScreenshot=true, javascriptEnabled=true, autoWebview=false, platformName=Android}]
Session ID: 85dbc934-9a1f-4241-a3a4-4b677a1791a7
	at org.openqa.selenium.remote.RemoteWebDriver.execute(RemoteWebDriver.java:665)
	at io.appium.java_client.DefaultGenericMobileDriver.execute(DefaultGenericMobileDriver.java:42)
	at io.appium.java_client.AppiumDriver.execute(AppiumDriver.java:189)
	at org.openqa.selenium.remote.RemoteWebDriver.quit(RemoteWebDriver.java:526)
	at zRfghY.t.c(WebDriverInstanceGenerator.java:131)
	at zRfghY.s.b(WebDriverFactory.java:45)
	... 24 more
Caused by: org.openqa.selenium.WebDriverException: org.apache.http.conn.HttpHostConnectException: Connect to 127.0.0.1:4725 [/127.0.0.1] failed: Connection refused: connect
Build info: version: '2.51.0', revision: '1af067d', time: '2016-02-05 19:15:17'
System info: host: 'CHDSEZ101427L', ip: '10.152.252.20', os.name: 'Windows 7', os.arch: 'x86', os.version: '6.1', java.version: '1.8.0_66'
Driver info: driver.version: RemoteWebDriver
	at io.appium.java_client.remote.AppiumCommandExecutor.execute(AppiumCommandExecutor.java:64)
	at org.openqa.selenium.remote.RemoteWebDriver.execute(RemoteWebDriver.java:644)
	... 29 more
Caused by: org.apache.http.conn.HttpHostConnectException: Connect to 127.0.0.1:4725 [/127.0.0.1] failed: Connection refused: connect
	at org.apache.http.impl.conn.DefaultHttpClientConnectionOperator.connect(DefaultHttpClientConnectionOperator.java:151)
	at org.apache.http.impl.conn.PoolingHttpClientConnectionManager.connect(PoolingHttpClientConnectionManager.java:353)
	at org.apache.http.impl.execchain.MainClientExec.establishRoute(MainClientExec.java:380)
	at org.apache.http.impl.execchain.MainClientExec.execute(MainClientExec.java:236)
	at org.apache.http.impl.execchain.ProtocolExec.execute(ProtocolExec.java:184)
	at org.apache.http.impl.execchain.RetryExec.execute(RetryExec.java:88)
	at org.apache.http.impl.execchain.RedirectExec.execute(RedirectExec.java:110)
	at org.apache.http.impl.client.InternalHttpClient.doExecute(InternalHttpClient.java:184)
	at org.apache.http.impl.client.CloseableHttpClient.execute(CloseableHttpClient.java:71)
	at org.apache.http.impl.client.CloseableHttpClient.execute(CloseableHttpClient.java:55)
	at org.openqa.selenium.remote.internal.ApacheHttpClient.fallBackExecute(ApacheHttpClient.java:144)
	at org.openqa.selenium.remote.internal.ApacheHttpClient.execute(ApacheHttpClient.java:90)
	at org.openqa.selenium.remote.HttpCommandExecutor.execute(HttpCommandExecutor.java:142)
	at io.appium.java_client.remote.AppiumCommandExecutor.execute(AppiumCommandExecutor.java:52)
	... 30 more
Caused by: java.net.ConnectException: Connection refused: connect
	at java.net.DualStackPlainSocketImpl.waitForConnect(Native Method)
	at java.net.DualStackPlainSocketImpl.socketConnect(Unknown Source)
	at java.net.AbstractPlainSocketImpl.doConnect(Unknown Source)
	at java.net.AbstractPlainSocketImpl.connectToAddress(Unknown Source)
	at java.net.AbstractPlainSocketImpl.connect(Unknown Source)
	at java.net.PlainSocketImpl.connect(Unknown Source)
	at java.net.SocksSocketImpl.connect(Unknown Source)
	at java.net.Socket.connect(Unknown Source)
	at org.apache.http.conn.socket.PlainConnectionSocketFactory.connectSocket(PlainConnectionSocketFactory.java:74)
	at org.apache.http.impl.conn.DefaultHttpClientConnectionOperator.connect(DefaultHttpClientConnectionOperator.java:134)
	... 43 more
]]>
    </error>
  </testcase> <!-- Location_MA_WF -->
</testsuite> <!-- com.tests.SampleTest -->
