<?xml version="1.0" encoding="UTF-8"?>
<!-- Generated by org.testng.reporters.JUnitReportReporter -->
<testsuite hostname="tvmatp310466m.ad.infosys.com" name="com.tests.WorkFlow" tests="1" failures="0" timestamp="22 Jul 2016 09:52:09 GMT" time="378.297" errors="0">
  <testcase name="MP_WF1_Purchases_FoodCost" time="378.297" classname="com.tests.WorkFlow"/>
</testsuite> <!-- com.tests.WorkFlow -->
