<?xml version="1.0" encoding="UTF-8"?>
<!-- Generated by org.testng.reporters.JUnitReportReporter -->
<testsuite hostname="000-nbpb01ecws.na.sysco.net" name="com.sysco.test.WorkFlow" tests="1" failures="0" timestamp="12 Aug 2016 01:52:28 GMT" time="100.291" errors="0">
  <testcase name="MNS_1_1_CreateNonSyscoItem_LinkSupplier_Location_Category" time="100.291" classname="com.sysco.test.WorkFlow"/>
</testsuite> <!-- com.sysco.test.WorkFlow -->
