<?xml version="1.0" encoding="UTF-8"?>
<!-- Generated by org.testng.reporters.JUnitReportReporter -->
<testsuite hostname="TVMATP310440M" name="com.tests.WorkFlow" tests="1" failures="0" timestamp="3 Jun 2016 10:14:33 GMT" time="164.968" errors="0">
  <testcase name="SI_WF27_CustomList_MultipleList_ListNames_DefaultCat_NU" time="164.968" classname="com.tests.WorkFlow"/>
</testsuite> <!-- com.tests.WorkFlow -->
