<?xml version="1.0" encoding="UTF-8"?>
<!-- Generated by org.testng.reporters.JUnitReportReporter -->
<testsuite hostname="TVMATP2261M.local" name="com.sysco.test.WorkFlow" tests="1" failures="0" timestamp="29 Jul 2016 10:38:57 GMT" time="603.821" errors="0">
  <testcase name="MIL_WF3_Location_SearchItems" time="603.821" classname="com.sysco.test.WorkFlow"/>
</testsuite> <!-- com.sysco.test.WorkFlow -->
