<?xml version="1.0" encoding="UTF-8"?>
<!-- Generated by org.testng.reporters.JUnitReportReporter -->
<testsuite hostname="TVMATP310440M" name="com.sysco.test.WorkFlow" tests="1" failures="0" timestamp="29 Jul 2016 06:23:37 GMT" time="115.243" errors="0">
  <testcase name="SI_WF22_CustomList_DefaultLoc_Customcategory" time="115.243" classname="com.sysco.test.WorkFlow"/>
</testsuite> <!-- com.sysco.test.WorkFlow -->
