<?xml version="1.0" encoding="UTF-8"?>
<!-- Generated by org.testng.reporters.JUnitReportReporter -->
<testsuite hostname="TVMATP310440M" name="com.tests.WorkFlow" tests="1" failures="0" timestamp="31 May 2016 11:32:23 GMT" time="287.135" errors="0">
  <testcase name="SI_WF17_StartFromScratch_MultipleList_DefaultLocation_SkipCategory_MA" time="287.135" classname="com.tests.WorkFlow"/>
</testsuite> <!-- com.tests.WorkFlow -->
