<?xml version="1.0" encoding="UTF-8"?>
<!-- Generated by org.testng.reporters.JUnitReportReporter -->
<testsuite hostname="tvmatp310466m.ad.infosys.com" name="com.tests.Sprint5_SampleTest" tests="1" failures="0" timestamp="19 May 2016 08:55:04 GMT" time="534.533" errors="0">
  <testcase name="VerifyQuantityDecimal_NU" time="534.533" classname="com.tests.Sprint5_SampleTest"/>
</testsuite> <!-- com.tests.Sprint5_SampleTest -->
