<?xml version="1.0" encoding="UTF-8"?>
<!-- Generated by org.testng.reporters.JUnitReportReporter -->
<testsuite hostname="tvmatp312483m.ad.infosys.com" name="com.tests.WorkFlow" tests="1" failures="0" timestamp="19 Jul 2016 07:25:53 GMT" time="485.608" errors="0">
  <testcase name="Z_WF1_Sprint9_Create_Edit_Delete_Locations" time="485.608" classname="com.tests.WorkFlow"/>
</testsuite> <!-- com.tests.WorkFlow -->
