<?xml version="1.0" encoding="UTF-8"?>
<!-- Generated by org.testng.reporters.JUnitReportReporter -->
<testsuite hostname="tvmatp312483m.ad.infosys.com" name="com.tests.SampleTest" tests="1" failures="0" timestamp="12 Apr 2016 12:38:26 GMT" time="228.534" errors="1">
  <testcase name="submitOrder_Submitted_AddMoreItems_MyCustomList" time="228.534" classname="com.tests.SampleTest">
    <error type="zRfghY.e" message="Element [lists_ItemSelect ] is not present.">
      <![CDATA[zRfghY.e: Element [lists_ItemSelect ] is not present.
	at zRfghY.d.a(SynchronizationAction.java:90)
	at zRfghY.d.b(SynchronizationAction.java:63)
	at zRfghY.c.waitForTargetPresent(CommandImpl.java:271)
	at com.components.pages.MyCustomListsPage.customListstItem_Click(Unknown Source)
	at com.tests.SampleTest.submitOrder_Submitted_AddMoreItems_MyCustomList(Unknown Source)
	at sun.reflect.NativeMethodAccessorImpl.invoke0(Native Method)
	at sun.reflect.NativeMethodAccessorImpl.invoke(NativeMethodAccessorImpl.java:62)
	at sun.reflect.DelegatingMethodAccessorImpl.invoke(DelegatingMethodAccessorImpl.java:43)
	at java.lang.reflect.Method.invoke(Method.java:497)
	at org.testng.internal.MethodInvocationHelper.invokeMethod(MethodInvocationHelper.java:85)
	at org.testng.internal.Invoker.invokeMethod(Invoker.java:639)
	at org.testng.internal.Invoker.invokeTestMethod(Invoker.java:816)
	at org.testng.internal.Invoker.invokeTestMethods(Invoker.java:1124)
	at org.testng.internal.TestMethodWorker.invokeTestMethods(TestMethodWorker.java:125)
	at org.testng.internal.TestMethodWorker.run(TestMethodWorker.java:108)
	at java.util.concurrent.ThreadPoolExecutor.runWorker(ThreadPoolExecutor.java:1142)
	at java.util.concurrent.ThreadPoolExecutor$Worker.run(ThreadPoolExecutor.java:617)
	at java.lang.Thread.run(Thread.java:745)
]]>
    </error>
  </testcase> <!-- submitOrder_Submitted_AddMoreItems_MyCustomList -->
</testsuite> <!-- com.tests.SampleTest -->
