<?xml version="1.0" encoding="UTF-8"?>
<!-- Generated by org.testng.reporters.JUnitReportReporter -->
<testsuite hostname="TVMATP312483M.local" name="com.sysco.test.WorkFlow" tests="1" failures="0" timestamp="29 Jul 2016 15:30:17 GMT" time="251.301" errors="0">
  <testcase name="SI_WF21_CustomList_CustomLoc_Customcategory_FewItems" time="251.301" classname="com.sysco.test.WorkFlow"/>
</testsuite> <!-- com.sysco.test.WorkFlow -->
